<?xml version="1.0" encoding="UTF-8"?>
<!-- Generated by org.testng.reporters.JUnitReportReporter -->
<testsuite hostname="skrygyn" failures="0" tests="1" name="com.ac.automation.LoginTests" time="7.514" errors="0" timestamp="2020-10-04T21:58:12 EEST" skipped="0">
  <testcase classname="com.ac.automation.LoginTests" name="testUntitledTestCase" time="7.514"/>
  <system-out/>
</testsuite> <!-- com.ac.automation.LoginTests -->
