<?xml version="1.0" encoding="UTF-8"?>
<!-- Generated by org.testng.reporters.JUnitReportReporter -->
<testsuite hostname="business" failures="0" tests="1" name="com.ac.automation.LoginTests" time="9.437" errors="0" timestamp="2020-10-01T17:45:59 EEST" skipped="0">
  <testcase classname="com.ac.automation.LoginTests" name="testUntitledTestCase" time="9.437"/>
  <system-out/>
</testsuite> <!-- com.ac.automation.LoginTests -->
